<?xml version="1.0" encoding="UTF-8"?>
<!-- Generated by org.testng.reporters.JUnitReportReporter -->
<testsuite hostname="LAPTOP-BCTBB8MA" failures="0" tests="1" name="TestRunners.TSFATestCase2" time="8.538" errors="0" timestamp="2023-06-07T12:03:08 GMT-06:00" skipped="0">
  <testcase classname="TestRunners.TSFATestCase2" name="TestTFSACalculatorFunctionalityForNewUser" time="8.538"/>
  <system-out/>
</testsuite> <!-- TestRunners.TSFATestCase2 -->
