<?xml version="1.0" encoding="UTF-8"?>
<!-- Generated by org.testng.reporters.JUnitReportReporter -->
<testsuite hostname="LAPTOP-BCTBB8MA" failures="0" tests="1" name="TestRunners.LoginPageTest" time="10.456" errors="0" timestamp="2023-05-07T10:24:02 GMT-06:00" skipped="0">
  <testcase classname="TestRunners.LoginPageTest" name="loginTest" time="10.456"/>
  <system-out/>
</testsuite> <!-- TestRunners.LoginPageTest -->
